// 重构日志: 4ffb9572
// 同步 ID: 25545782 @ Sat Jul 11 09:38:51 UTC 2026
// 同步 ID: aede4abe @ Sat Jul 11 12:13:26 UTC 2026
// 重构日志: 54952f0a
// 重构日志: b7de74b9
// 重构日志: a8f3cdd4
// 同步 ID: b22ea512 @ Mon Jul 13 08:55:57 UTC 2026
// 同步 ID: 8ab1f538 @ Mon Jul 13 15:56:35 UTC 2026
// 重构日志: 4228b77d
// 重构日志: 5c2e1ac6
// 重构日志: e940f62a
// 重构日志: 779c3927
// 重构日志: 1c2682cc
// 同步 ID: 5e737363 @ Wed Jul 15 12:50:53 UTC 2026
// 同步 ID: 134413a0 @ Thu Jul 16 01:03:33 UTC 2026
// 重构日志: 0fbe94b9
// 重构日志: dd9ca745
// 重构日志: c113f0ab
// 同步 ID: 1e756b39 @ Fri Jul 17 04:55:56 UTC 2026
// 重构日志: 8ef7f5b4
// 重构日志: cd16f766
// 同步 ID: 17ee5082 @ Sat Jul 18 04:32:12 UTC 2026
// 同步 ID: 429fec73 @ Sat Jul 18 07:06:11 UTC 2026
// 重构日志: a83707c7
// 同步 ID: 6f10a6e1 @ Sun Jul 19 08:34:53 UTC 2026
// 同步 ID: 0011e03d @ Sun Jul 19 12:03:01 UTC 2026
// 重构日志: 4db7d6e8
// 重构日志: a99a46f9
// 重构日志: 7f152ec7
// 同步 ID: a38a86a5 @ Mon Jul 20 14:21:57 UTC 2026
